2026-04-27 15:29:34,613 [INFO] Activator:176 - 


2026-04-27 15:29:34,617 [INFO] Activator:177 - !SESSION log4j initialized
2026-04-27 15:29:39,347 [INFO] LogOutputStream:77 - [STDOUT_REDIRECT] 
2026-04-27 15:29:41,435 [INFO] ApplicationProperties:184 - Using Application install path: C:\ST\STM32CubeIDE_1.18.0\STM32CubeIDE\plugins\com.st.stm32cube.common.mx_6.14.0.202502271554
2026-04-27 15:29:41,453 [INFO] DbMcusXml:78 - Set database path to: C:\ST\STM32CubeIDE_1.18.0\STM32CubeIDE\plugins\com.st.stm32cube.common.mx_6.14.0.202502271554\\db\/mcu/
2026-04-27 15:29:41,453 [INFO] ApiDb:274 - Set plugin database path to: C:\ST\STM32CubeIDE_1.18.0\STM32CubeIDE\plugins\com.st.stm32cube.common.mx_6.14.0.202502271554\\db\/plugins/boardmanager/
2026-04-27 15:29:41,455 [WARN] ApiDb:259 - Overriding images path with different value:  => C:\ST\STM32CubeIDE_1.18.0\STM32CubeIDE\plugins\com.st.stm32cube.common.mx_6.14.0.202502271554\\db\/plugins/mcufinder/images/
2026-04-27 15:29:41,462 [INFO] ApiDb:250 - Set database path to: C:\Users\nevin\.stmcufinder\plugins\mcufinder//mcu/
2026-04-27 15:29:41,463 [INFO] DbMcusAds:125 - Set database path to: C:\Users\nevin\.stmcufinder\plugins\mcufinder//mcu/
2026-04-27 15:29:41,466 [INFO] CrossReferenceDbSqlite:203 - Set database path to: C:\Users\nevin\.stmcufinder\plugins\mcufinder//mcu/cs/
2026-04-27 15:29:41,588 [INFO] RulesReader:64 - Compatibility file has been processed (301 Rules)
2026-04-27 15:29:41,696 [INFO] DbMcusXml:78 - Set database path to: C:\ST\STM32CubeIDE_1.18.0\STM32CubeIDE\plugins\com.st.stm32cube.common.mx_6.14.0.202502271554\\db\/mcu/
2026-04-27 15:29:41,696 [INFO] ApiDb:274 - Set plugin database path to: C:\ST\STM32CubeIDE_1.18.0\STM32CubeIDE\plugins\com.st.stm32cube.common.mx_6.14.0.202502271554\\db\/plugins/boardmanager/
2026-04-27 15:29:41,696 [INFO] ApiDb:261 - Set plugin images path to: C:\ST\STM32CubeIDE_1.18.0\STM32CubeIDE\plugins\com.st.stm32cube.common.mx_6.14.0.202502271554\\db\/plugins/mcufinder/images/
2026-04-27 15:29:41,696 [WARN] DbFile:41 - Overriding database path with different value: C:\Users\nevin\.stmcufinder\plugins\mcufinder/ => C:\Users\nevin\.stmcufinder\plugins\mcufinder
2026-04-27 15:29:41,697 [INFO] ApiDb:250 - Set database path to: C:\Users\nevin\.stmcufinder\plugins\mcufinder//mcu/
2026-04-27 15:29:41,697 [WARN] DbFile:41 - Overriding database path with different value: C:\Users\nevin\.stmcufinder\plugins\mcufinder/ => C:\Users\nevin\.stmcufinder\plugins\mcufinder
2026-04-27 15:29:41,697 [INFO] DbMcusAds:125 - Set database path to: C:\Users\nevin\.stmcufinder\plugins\mcufinder//mcu/
2026-04-27 15:29:41,697 [WARN] DbFile:41 - Overriding database path with different value: C:\Users\nevin\.stmcufinder\plugins\mcufinder/ => C:\Users\nevin\.stmcufinder\plugins\mcufinder
2026-04-27 15:29:41,697 [WARN] DbFile:41 - Overriding database path with different value: C:\Users\nevin\.stmcufinder\plugins\mcufinder/ => C:\Users\nevin\.stmcufinder\plugins\mcufinder
2026-04-27 15:29:41,697 [INFO] CrossReferenceDbSqlite:203 - Set database path to: C:\Users\nevin\.stmcufinder\plugins\mcufinder//mcu/cs/
2026-04-27 15:29:41,780 [INFO] MainPanel:272 - HeapMemory: 268435456
2026-04-27 15:29:41,891 [INFO] DbMcusXml:78 - Set database path to: C:\ST\STM32CubeIDE_1.18.0\STM32CubeIDE\plugins\com.st.stm32cube.common.mx_6.14.0.202502271554\\db\/mcu/
2026-04-27 15:29:41,891 [INFO] ApiDb:274 - Set plugin database path to: C:\ST\STM32CubeIDE_1.18.0\STM32CubeIDE\plugins\com.st.stm32cube.common.mx_6.14.0.202502271554\\db\/plugins/boardmanager/
2026-04-27 15:29:41,891 [INFO] ApiDb:261 - Set plugin images path to: C:\ST\STM32CubeIDE_1.18.0\STM32CubeIDE\plugins\com.st.stm32cube.common.mx_6.14.0.202502271554\\db\/plugins/mcufinder/images/
2026-04-27 15:29:41,892 [WARN] DbFile:41 - Overriding database path with different value: C:\Users\nevin\.stmcufinder\plugins\mcufinder/ => C:\Users\nevin\.stmcufinder\plugins\mcufinder
2026-04-27 15:29:41,892 [INFO] ApiDb:250 - Set database path to: C:\Users\nevin\.stmcufinder\plugins\mcufinder//mcu/
2026-04-27 15:29:41,892 [WARN] DbFile:41 - Overriding database path with different value: C:\Users\nevin\.stmcufinder\plugins\mcufinder/ => C:\Users\nevin\.stmcufinder\plugins\mcufinder
2026-04-27 15:29:41,892 [INFO] DbMcusAds:125 - Set database path to: C:\Users\nevin\.stmcufinder\plugins\mcufinder//mcu/
2026-04-27 15:29:41,892 [WARN] DbFile:41 - Overriding database path with different value: C:\Users\nevin\.stmcufinder\plugins\mcufinder/ => C:\Users\nevin\.stmcufinder\plugins\mcufinder
2026-04-27 15:29:41,892 [WARN] DbFile:41 - Overriding database path with different value: C:\Users\nevin\.stmcufinder\plugins\mcufinder/ => C:\Users\nevin\.stmcufinder\plugins\mcufinder
2026-04-27 15:29:41,892 [INFO] CrossReferenceDbSqlite:203 - Set database path to: C:\Users\nevin\.stmcufinder\plugins\mcufinder//mcu/cs/
2026-04-27 15:29:41,915 [INFO] ApplicationProperties:184 - Using Application install path: C:\ST\STM32CubeIDE_1.18.0\STM32CubeIDE\plugins\com.st.stm32cube.common.mx_6.14.0.202502271554
2026-04-27 15:29:41,916 [INFO] PluginManage:196 - Search for loadable plugins [exclusion list=, ]
2026-04-27 15:29:41,918 [INFO] PluginManage:310 - Check plugin analytics
2026-04-27 15:29:42,149 [INFO] AnalyticsPlugin:253 - Accepted Software Licenses: 
2026-04-27 15:29:42,150 [INFO] AnalyticsPlugin:255 - Accepted CMSIS Pack Licenses: 
2026-04-27 15:29:42,150 [INFO] AnalyticsPlugin:257 - Accepted Firmware Licenses: 
2026-04-27 15:29:42,152 [INFO] PluginManage:359 - Loaded plugin analytics (category:tool,tabindex:-1)
2026-04-27 15:29:42,153 [INFO] PluginManage:310 - Check plugin cadmodel
2026-04-27 15:29:42,158 [INFO] CADModel:105 - Init CAD model plugin
2026-04-27 15:29:42,158 [INFO] PluginManage:359 - Loaded plugin cadmodel (category:power,tabindex:5)
2026-04-27 15:29:42,158 [INFO] PluginManage:310 - Check plugin clock
2026-04-27 15:29:42,166 [INFO] PluginManage:359 - Loaded plugin clock (category:base,tabindex:2)
2026-04-27 15:29:42,166 [INFO] PluginManage:310 - Check plugin ddr
2026-04-27 15:29:42,168 [INFO] PluginManage:359 - Loaded plugin ddr (category:tool,tabindex:6)
2026-04-27 15:29:42,168 [INFO] PluginManage:310 - Check plugin filemanager
2026-04-27 15:29:42,338 [INFO] PluginManage:359 - Loaded plugin filemanager (category:base,tabindex:10)
2026-04-27 15:29:42,338 [INFO] PluginManage:310 - Check plugin ipmanager
2026-04-27 15:29:42,345 [INFO] PluginManage:359 - Loaded plugin ipmanager (category:base,tabindex:5)
2026-04-27 15:29:42,345 [INFO] PluginManage:310 - Check plugin lpbam
2026-04-27 15:29:42,353 [INFO] PluginManage:359 - Loaded plugin lpbam (category:base,tabindex:0)
2026-04-27 15:29:42,353 [INFO] PluginManage:310 - Check plugin memorymap
2026-04-27 15:29:42,375 [INFO] PluginManage:359 - Loaded plugin memorymap (category:base,tabindex:4)
2026-04-27 15:29:42,375 [INFO] PluginManage:310 - Check plugin pinoutandconfiguration
2026-04-27 15:29:42,386 [INFO] PluginManage:359 - Loaded plugin pinoutandconfiguration (category:base,tabindex:1)
2026-04-27 15:29:42,386 [INFO] PluginManage:310 - Check plugin pinoutconfig
2026-04-27 15:29:42,501 [WARN] SupportedApi:132 - Cannot load RTOS API schema: s4s-elt-must-match.1: The content of 'definitions' must match (annotation?, (simpleType | complexType)?, (unique | key | keyref)*)). A problem was found starting at: attribute.
2026-04-27 15:29:42,667 [INFO] PluginManage:359 - Loaded plugin pinoutconfig (category:base,tabindex:0)
2026-04-27 15:29:42,667 [INFO] PluginManage:310 - Check plugin power
2026-04-27 15:29:42,679 [INFO] PluginManage:359 - Loaded plugin power (category:power,tabindex:4)
2026-04-27 15:29:42,679 [INFO] PluginManage:310 - Check plugin projectmanager
2026-04-27 15:29:42,702 [INFO] PluginManage:359 - Loaded plugin projectmanager (category:projectmanager,tabindex:4)
2026-04-27 15:29:42,702 [INFO] PluginManage:310 - Check plugin rif
2026-04-27 15:29:42,710 [INFO] PluginManage:359 - Loaded plugin rif (category:base,tabindex:3)
2026-04-27 15:29:42,710 [INFO] PluginManage:310 - Check plugin thirdparty
2026-04-27 15:29:42,884 [WARN] IntegrityCheckThread:84 - waiting for thirdparty lock release [integrity check]
2026-04-27 15:29:42,884 [INFO] PluginManage:359 - Loaded plugin thirdparty (category:base,tabindex:-1)
2026-04-27 15:29:42,885 [INFO] IntegrityCheckThread:86 - entering critical section [integrity check]
2026-04-27 15:29:42,885 [INFO] PluginManage:310 - Check plugin tools
2026-04-27 15:29:42,885 [INFO] ThirdPartyUpdaterWithRetryManager:70 - Updater plugin not ready yet. [1/15]
2026-04-27 15:29:42,888 [INFO] PluginManage:359 - Loaded plugin tools (category:base,tabindex:7)
2026-04-27 15:29:42,888 [INFO] PluginManage:310 - Check plugin tutovideos
2026-04-27 15:29:43,099 [INFO] PluginManage:359 - Loaded plugin tutovideos (category:base,tabindex:-1)
2026-04-27 15:29:43,100 [INFO] PluginManage:310 - Check plugin updater
2026-04-27 15:29:43,128 [INFO] PluginManage:359 - Loaded plugin updater (category:base,tabindex:12)
2026-04-27 15:29:43,128 [INFO] PluginManage:310 - Check plugin userauth
2026-04-27 15:29:43,132 [INFO] UserAuth:118 - Init User Auth plugin
2026-04-27 15:29:43,133 [INFO] PluginManage:359 - Loaded plugin userauth (category:base,tabindex:14)
2026-04-27 15:29:43,134 [INFO] PluginManage:283 - PluginManage : Loaded plugins [18]
2026-04-27 15:29:43,362 [INFO] PinOutPanel:1589 - setPackage(No Configuration,No Configuration)
2026-04-27 15:29:43,462 [INFO] CADModel:165 - CPN selected for project level
2026-04-27 15:29:43,462 [INFO] CADModel:114 - Register for checkConnection events
2026-04-27 15:29:43,480 [INFO] IPUIPlugin:80 - create IPUIPlugin
2026-04-27 15:29:43,481 [INFO] PluginManager:220 - loadIPPluginJar : add adc
2026-04-27 15:29:43,484 [INFO] IPUIPlugin:80 - create IPUIPlugin
2026-04-27 15:29:43,485 [INFO] PluginManager:220 - loadIPPluginJar : add aes
2026-04-27 15:29:43,488 [INFO] IPUIPlugin:80 - create IPUIPlugin
2026-04-27 15:29:43,488 [INFO] PluginManager:220 - loadIPPluginJar : add can
2026-04-27 15:29:43,490 [INFO] IPUIPlugin:80 - create IPUIPlugin
2026-04-27 15:29:43,490 [INFO] PluginManager:220 - loadIPPluginJar : add comp
2026-04-27 15:29:43,493 [INFO] IPUIPlugin:80 - create IPUIPlugin
2026-04-27 15:29:43,493 [INFO] PluginManager:220 - loadIPPluginJar : add cryp
2026-04-27 15:29:43,496 [INFO] IPUIPlugin:80 - create IPUIPlugin
2026-04-27 15:29:43,497 [INFO] PluginManager:220 - loadIPPluginJar : add ddr_ctrl_phy
2026-04-27 15:29:43,500 [INFO] IPUIPlugin:80 - create IPUIPlugin
2026-04-27 15:29:43,501 [INFO] PluginManager:220 - loadIPPluginJar : add dfsdm
2026-04-27 15:29:43,507 [INFO] IPUIPlugin:80 - create IPUIPlugin
2026-04-27 15:29:43,508 [INFO] PluginManager:220 - loadIPPluginJar : add dma
2026-04-27 15:29:43,512 [INFO] IPUIPlugin:80 - create IPUIPlugin
2026-04-27 15:29:43,513 [INFO] PluginManager:220 - loadIPPluginJar : add dma3
2026-04-27 15:29:43,516 [INFO] IPUIPlugin:80 - create IPUIPlugin
2026-04-27 15:29:43,516 [INFO] PluginManager:220 - loadIPPluginJar : add extmemmanager
2026-04-27 15:29:43,519 [INFO] IPUIPlugin:80 - create IPUIPlugin
2026-04-27 15:29:43,519 [INFO] PluginManager:220 - loadIPPluginJar : add fatfs
2026-04-27 15:29:43,525 [INFO] IPUIPlugin:80 - create IPUIPlugin
2026-04-27 15:29:43,525 [INFO] PluginManager:220 - loadIPPluginJar : add fmc
2026-04-27 15:29:43,532 [INFO] IPUIPlugin:80 - create IPUIPlugin
2026-04-27 15:29:43,532 [INFO] PluginManager:220 - loadIPPluginJar : add freertos
2026-04-27 15:29:43,534 [INFO] IPUIPlugin:80 - create IPUIPlugin
2026-04-27 15:29:43,534 [INFO] PluginManager:220 - loadIPPluginJar : add genericplugin
2026-04-27 15:29:43,538 [INFO] IPUIPlugin:80 - create IPUIPlugin
2026-04-27 15:29:43,538 [INFO] PluginManager:220 - loadIPPluginJar : add gfxmmu
2026-04-27 15:29:43,543 [INFO] IPUIPlugin:80 - create IPUIPlugin
2026-04-27 15:29:43,544 [INFO] PluginManager:220 - loadIPPluginJar : add gic
2026-04-27 15:29:43,548 [INFO] IPUIPlugin:80 - create IPUIPlugin
2026-04-27 15:29:43,549 [INFO] PluginManager:220 - loadIPPluginJar : add gpio
2026-04-27 15:29:43,552 [INFO] IPUIPlugin:80 - create IPUIPlugin
2026-04-27 15:29:43,552 [INFO] PluginManager:220 - loadIPPluginJar : add gtzc
2026-04-27 15:29:43,555 [INFO] IPUIPlugin:80 - create IPUIPlugin
2026-04-27 15:29:43,556 [INFO] PluginManager:220 - loadIPPluginJar : add hash
2026-04-27 15:29:43,559 [INFO] IPUIPlugin:80 - create IPUIPlugin
2026-04-27 15:29:43,559 [INFO] PluginManager:220 - loadIPPluginJar : add i2c
2026-04-27 15:29:43,562 [INFO] IPUIPlugin:80 - create IPUIPlugin
2026-04-27 15:29:43,562 [INFO] PluginManager:220 - loadIPPluginJar : add i2s
2026-04-27 15:29:43,565 [INFO] IPUIPlugin:80 - create IPUIPlugin
2026-04-27 15:29:43,565 [INFO] PluginManager:220 - loadIPPluginJar : add i3c
2026-04-27 15:29:43,569 [INFO] IPUIPlugin:80 - create IPUIPlugin
2026-04-27 15:29:43,569 [INFO] PluginManager:220 - loadIPPluginJar : add ipddr
2026-04-27 15:29:43,576 [INFO] IPUIPlugin:80 - create IPUIPlugin
2026-04-27 15:29:43,576 [INFO] PluginManager:220 - loadIPPluginJar : add linkedlist
2026-04-27 15:29:43,580 [INFO] IPUIPlugin:80 - create IPUIPlugin
2026-04-27 15:29:43,581 [INFO] PluginManager:220 - loadIPPluginJar : add lorawan
2026-04-27 15:29:43,582 [INFO] IPUIPlugin:80 - create IPUIPlugin
2026-04-27 15:29:43,582 [INFO] PluginManager:220 - loadIPPluginJar : add ltdc
2026-04-27 15:29:43,589 [INFO] IPUIPlugin:80 - create IPUIPlugin
2026-04-27 15:29:43,589 [INFO] PluginManager:220 - loadIPPluginJar : add mdma
2026-04-27 15:29:43,594 [INFO] IPUIPlugin:80 - create IPUIPlugin
2026-04-27 15:29:43,594 [INFO] PluginManager:220 - loadIPPluginJar : add nvic
2026-04-27 15:29:43,598 [INFO] IPUIPlugin:80 - create IPUIPlugin
2026-04-27 15:29:43,598 [INFO] PluginManager:220 - loadIPPluginJar : add opamp
2026-04-27 15:29:43,602 [INFO] IPUIPlugin:80 - create IPUIPlugin
2026-04-27 15:29:43,602 [INFO] PluginManager:220 - loadIPPluginJar : add openamp
2026-04-27 15:29:43,605 [INFO] IPUIPlugin:80 - create IPUIPlugin
2026-04-27 15:29:43,606 [INFO] PluginManager:220 - loadIPPluginJar : add pdm2pcm
2026-04-27 15:29:43,613 [INFO] IPUIPlugin:80 - create IPUIPlugin
2026-04-27 15:29:43,616 [INFO] PluginManager:220 - loadIPPluginJar : add plateformsettings
2026-04-27 15:29:43,618 [INFO] IPUIPlugin:80 - create IPUIPlugin
2026-04-27 15:29:43,619 [INFO] PluginManager:220 - loadIPPluginJar : add quadspi
2026-04-27 15:29:43,621 [INFO] IPUIPlugin:80 - create IPUIPlugin
2026-04-27 15:29:43,622 [INFO] PluginManager:220 - loadIPPluginJar : add radio
2026-04-27 15:29:43,627 [INFO] IPUIPlugin:80 - create IPUIPlugin
2026-04-27 15:29:43,627 [INFO] PluginManager:220 - loadIPPluginJar : add resmgrutility
2026-04-27 15:29:43,630 [INFO] IPUIPlugin:80 - create IPUIPlugin
2026-04-27 15:29:43,631 [INFO] PluginManager:220 - loadIPPluginJar : add sai
2026-04-27 15:29:43,634 [INFO] IPUIPlugin:80 - create IPUIPlugin
2026-04-27 15:29:43,634 [INFO] PluginManager:220 - loadIPPluginJar : add spi
2026-04-27 15:29:43,642 [INFO] IPUIPlugin:80 - create IPUIPlugin
2026-04-27 15:29:43,642 [INFO] PluginManager:220 - loadIPPluginJar : add stm32_wpan
2026-04-27 15:29:43,645 [INFO] IPUIPlugin:80 - create IPUIPlugin
2026-04-27 15:29:43,645 [INFO] PluginManager:220 - loadIPPluginJar : add tim
2026-04-27 15:29:43,649 [INFO] IPUIPlugin:80 - create IPUIPlugin
2026-04-27 15:29:43,649 [INFO] PluginManager:220 - loadIPPluginJar : add touchsensing
2026-04-27 15:29:43,652 [INFO] IPUIPlugin:80 - create IPUIPlugin
2026-04-27 15:29:43,652 [INFO] PluginManager:220 - loadIPPluginJar : add tracer_emb
2026-04-27 15:29:43,654 [INFO] IPUIPlugin:80 - create IPUIPlugin
2026-04-27 15:29:43,654 [INFO] PluginManager:220 - loadIPPluginJar : add ts
2026-04-27 15:29:43,656 [INFO] IPUIPlugin:80 - create IPUIPlugin
2026-04-27 15:29:43,656 [INFO] PluginManager:220 - loadIPPluginJar : add tsc
2026-04-27 15:29:43,659 [INFO] IPUIPlugin:80 - create IPUIPlugin
2026-04-27 15:29:43,659 [INFO] PluginManager:220 - loadIPPluginJar : add ucpd
2026-04-27 15:29:43,663 [INFO] IPUIPlugin:80 - create IPUIPlugin
2026-04-27 15:29:43,663 [INFO] PluginManager:220 - loadIPPluginJar : add usart
2026-04-27 15:29:43,668 [INFO] IPUIPlugin:80 - create IPUIPlugin
2026-04-27 15:29:43,668 [INFO] PluginManager:220 - loadIPPluginJar : add usbx
2026-04-27 15:29:43,842 [FATAL] Updater:351 - Updater called before beeing initialized
2026-04-27 15:29:43,878 [INFO] RulesReader:64 - Compatibility file has been processed (301 Rules)
2026-04-27 15:29:43,891 [INFO] RulesReader:64 - Compatibility file has been processed (301 Rules)
2026-04-27 15:29:43,900 [INFO] CADModel:165 - CPN selected for project level
2026-04-27 15:29:43,900 [INFO] CADModel:114 - Register for checkConnection events
2026-04-27 15:29:43,901 [FATAL] Updater:351 - Updater called before beeing initialized
2026-04-27 15:29:43,901 [ERROR] CADModel:125 - Updater not yet initialized, retry later 
2026-04-27 15:29:44,220 [FATAL] Updater:351 - Updater called before beeing initialized
2026-04-27 15:29:44,222 [INFO] CADModel:165 - CPN selected for project level
2026-04-27 15:29:44,222 [INFO] CADModel:114 - Register for checkConnection events
2026-04-27 15:29:44,222 [FATAL] Updater:351 - Updater called before beeing initialized
2026-04-27 15:29:44,222 [ERROR] CADModel:125 - Updater not yet initialized, retry later 
2026-04-27 15:29:44,225 [FATAL] Updater:351 - Updater called before beeing initialized
2026-04-27 15:29:44,330 [FATAL] Updater:351 - Updater called before beeing initialized
2026-04-27 15:29:44,333 [INFO] DbMcusAds:53 - JSON generation date=Fri Apr 10 19:19:02 AEST 2026 (1775812742310)
2026-04-27 15:29:44,333 [FATAL] Updater:351 - Updater called before beeing initialized
2026-04-27 15:29:44,366 [WARN] DetailPanel:346 - Failed to get advertising image, set to default
2026-04-27 15:29:44,629 [FATAL] Updater:351 - Updater called before beeing initialized
2026-04-27 15:29:44,630 [FATAL] Updater:351 - Updater called before beeing initialized
2026-04-27 15:29:44,630 [FATAL] Updater:351 - Updater called before beeing initialized
2026-04-27 15:29:44,630 [WARN] DetailPanel:346 - Failed to get advertising image, set to default
2026-04-27 15:29:44,631 [FATAL] Updater:351 - Updater called before beeing initialized
2026-04-27 15:29:44,777 [ERROR] Updater:1198 - MainUpdater not yet initialized. External WinMGr cannot be set.
2026-04-27 15:29:44,779 [INFO] Updater:1134 - Updater Version found : 6.14.0
2026-04-27 15:29:44,793 [INFO] ApplicationProperties:184 - Using Application install path: C:\ST\STM32CubeIDE_1.18.0\STM32CubeIDE\plugins\com.st.stm32cube.common.mx_6.14.0.202502271554
2026-04-27 15:29:45,886 [INFO] ThirdPartyUpdaterWithRetryManager:70 - Updater plugin not ready yet. [2/15]
2026-04-27 15:29:46,363 [ERROR] LogOutputStream:75 - [STDERR_REDIRECT] Apr 27, 2026 3:29:46 PM java.util.prefs.WindowsPreferences <init>
2026-04-27 15:29:46,364 [ERROR] LogOutputStream:75 - [STDERR_REDIRECT] WARNING: Could not open/create prefs root node Software\JavaSoft\Prefs at root 0xffffffff80000002. Windows RegCreateKeyEx(...) returned error code 5.
2026-04-27 15:29:46,364 [ERROR] LogOutputStream:75 - [STDERR_REDIRECT] 
2026-04-27 15:29:46,611 [INFO] MainUpdater:2872 - connection check result : 10
2026-04-27 15:29:46,612 [INFO] MainUpdater:289 - Updater Check For Update Now.
2026-04-27 15:29:46,612 [INFO] MicroXplorer:498 - Change Database Version : DB.6.0.140
2026-04-27 15:29:46,617 [INFO] McuFinderGlobals:63 - Set McuFinder mode to 2 (CubeIDE integrated)
2026-04-27 15:29:46,618 [INFO] UserAuth:486 - Internet connection configuration mode: 1
2026-04-27 15:29:46,636 [INFO] JxBrowserEngine:152 - Initiate JxBrowser Engine with user profile folder
2026-04-27 15:29:46,828 [INFO] CheckServerUpdateThread:120 - End of CheckServer Thread
2026-04-27 15:29:47,697 [INFO] WebApp:169 - Instantiating new browser for Auth
2026-04-27 15:29:48,694 [INFO] WebApp:463 - Apply proxy settings
2026-04-27 15:29:48,694 [INFO] WebApp:548 - Chromium requires no authentication
2026-04-27 15:29:48,704 [INFO] WebApp:491 - Direct internet connection detected
2026-04-27 15:29:48,731 [INFO] WebApp:894 - Register for checkConnection events
2026-04-27 15:29:48,732 [INFO] WebApp:463 - Apply proxy settings
2026-04-27 15:29:48,732 [INFO] WebApp:548 - Chromium requires no authentication
2026-04-27 15:29:48,733 [INFO] WebApp:491 - Direct internet connection detected
2026-04-27 15:29:48,916 [INFO] WebApp:225 - Starting web application
2026-04-27 15:29:48,916 [INFO] WebApp:593 - Web application path used C:\ST\STM32CubeIDE_1.18.0\STM32CubeIDE\plugins\com.st.stm32cube.common.mx_6.14.0.202502271554\db\plugins\mcufinder\reactClient1\index.html
2026-04-27 15:29:49,216 [INFO] UserAuth:486 - Internet connection configuration mode: 1
2026-04-27 15:29:49,393 [WARN] PackLoader:240 - Cannot read IP mode file for STMicroelectronics.X-CUBE-AZRTOS-H7.3.5.0
2026-04-27 15:29:49,432 [WARN] PackLoader:240 - Cannot read IP mode file for STMicroelectronics.FP-ATR-ASTRA1.2.0.2
2026-04-27 15:29:49,445 [WARN] PackLoader:240 - Cannot read IP mode file for STMicroelectronics.X-CUBE-SMBUS.2.1.0
2026-04-27 15:29:49,488 [WARN] PackLoader:240 - Cannot read IP mode file for STMicroelectronics.X-CUBE-AZRTOS-F7.1.1.0
2026-04-27 15:29:49,505 [ERROR] Engine:466 - C:\Users\nevin\.stm32cubemx\thirdparties\pdsc\STMicroelectronics.FP-SNS-MOTENV1.5.1.0.pdsc: PDSC version is not supported
2026-04-27 15:29:49,514 [ERROR] Engine:466 - C:\Users\nevin\.stm32cubemx\thirdparties\pdsc\WES.I-CUBE-Cesium.1.4.0.pdsc: PDSC version is not supported
2026-04-27 15:29:49,544 [WARN] PackLoader:240 - Cannot read IP mode file for STMicroelectronics.X-CUBE-DISPLAY.3.0.0
2026-04-27 15:29:49,564 [ERROR] Engine:466 - C:\Users\nevin\.stm32cubemx\thirdparties\pdsc\STMicroelectronics.FP-SNS-MOTENVWB1.1.5.0.pdsc: PDSC version is not supported
2026-04-27 15:29:49,582 [WARN] PackLoader:240 - Cannot read IP mode file for STMicroelectronics.X-CUBE-NFC10.1.0.0
2026-04-27 15:29:49,594 [INFO] WebApp:191 - Connection restablished
2026-04-27 15:29:49,595 [WARN] PackLoader:240 - Cannot read IP mode file for STMicroelectronics.X-CUBE-ST60.1.1.0
2026-04-27 15:29:49,610 [WARN] PackLoader:240 - Cannot read IP mode file for emotas.I-CUBE-CANOPEN.1.3.0
2026-04-27 15:29:49,622 [WARN] PackLoader:240 - Cannot read IP mode file for STMicroelectronics.X-CUBE-GNSS1.7.1.0
2026-04-27 15:29:49,632 [ERROR] Engine:466 - C:\Users\nevin\.stm32cubemx\thirdparties\pdsc\STMicroelectronics.FP-SNS-STBOX1.2.1.0.pdsc: PDSC version is not supported
2026-04-27 15:29:49,643 [WARN] PackLoader:240 - Cannot read IP mode file for STMicroelectronics.FP-SNS-SMARTAG2.1.2.0
2026-04-27 15:29:49,652 [WARN] PackLoader:240 - Cannot read IP mode file for STMicroelectronics.FP-SNS-FLIGHT1.5.1.0
2026-04-27 15:29:49,673 [INFO] LogOutputStream:77 - [STDOUT_REDIRECT] 1 : Invalid condition id : UX_CORESTACK_Condition cause : null
2026-04-27 15:29:49,674 [INFO] LogOutputStream:77 - [STDOUT_REDIRECT] 1 : Invalid condition id : UX_CORESTACK_Condition cause : null
2026-04-27 15:29:49,681 [INFO] LogOutputStream:77 - [STDOUT_REDIRECT] 1 : Invalid condition id : UX_CORESTACK_Condition cause : null
2026-04-27 15:29:49,684 [INFO] LogOutputStream:77 - [STDOUT_REDIRECT] 1 : Invalid condition id : UX_CORESTACK_Condition cause : null
2026-04-27 15:29:49,699 [INFO] LogOutputStream:77 - [STDOUT_REDIRECT] 1 : Invalid condition id : UX_CORESTACK_Condition cause : null
2026-04-27 15:29:49,710 [WARN] PackLoader:240 - Cannot read IP mode file for STMicroelectronics.X-CUBE-AZRTOS-WL.2.0.0
2026-04-27 15:29:49,798 [WARN] PackLoader:240 - Cannot read IP mode file for STMicroelectronics.X-CUBE-AZRTOS-H7RS.1.2.0
2026-04-27 15:29:49,821 [WARN] PackLoader:240 - Cannot read IP mode file for STMicroelectronics.X-CUBE-BLE2.3.3.0
2026-04-27 15:29:49,859 [ERROR] LogOutputStream:75 - [STDERR_REDIRECT] [Fatal Error] :1:1: Premature end of file.
2026-04-27 15:29:49,860 [ERROR] LogOutputStream:75 - [STDERR_REDIRECT] 
2026-04-27 15:29:49,924 [WARN] PackLoader:240 - Cannot read IP mode file for Infineon.AIROC-Wi-Fi-Bluetooth-STM32.1.8.0
2026-04-27 15:29:49,946 [WARN] PackLoader:240 - Cannot read IP mode file for STMicroelectronics.X-CUBE-NFC9.1.0.0
2026-04-27 15:29:49,959 [WARN] PackLoader:240 - Cannot read IP mode file for STMicroelectronics.X-CUBE-BLE1.7.1.0
2026-04-27 15:29:49,970 [WARN] PackLoader:240 - Cannot read IP mode file for wolfSSL.I-CUBE-wolfMQTT.1.19.2
2026-04-27 15:29:49,980 [WARN] PackLoader:240 - Cannot read IP mode file for STMicroelectronics.X-CUBE-EEPRMA1.5.2.0
2026-04-27 15:29:49,991 [WARN] PackLoader:240 - Cannot read IP mode file for wolfSSL.I-CUBE-wolfSSL.5.8.4
2026-04-27 15:29:50,001 [WARN] PackLoader:240 - Cannot read IP mode file for Cesanta.I-CUBE-Mongoose.7.20.0
2026-04-27 15:29:50,008 [ERROR] Engine:466 - C:\Users\nevin\.stm32cubemx\thirdparties\pdsc\STMicroelectronics.FP-SNS-STAIOTCFT.1.1.0.pdsc: PDSC version is not supported
2026-04-27 15:29:50,088 [WARN] PackLoader:240 - Cannot read IP mode file for STMicroelectronics.X-CUBE-MEMS1.12.0.0
2026-04-27 15:29:50,288 [WARN] PackLoader:240 - Cannot read IP mode file for STMicroelectronics.X-CUBE-AZRTOS-G0.1.1.0
2026-04-27 15:29:50,301 [WARN] PackLoader:240 - Cannot read IP mode file for STMicroelectronics.X-CUBE-NFC4.3.0.0
2026-04-27 15:29:50,338 [WARN] PackLoader:240 - Cannot read IP mode file for EmbeddedOffice.I-CUBE-FS-RTOS.1.0.1
2026-04-27 15:29:50,351 [WARN] PackLoader:240 - Cannot read IP mode file for STMicroelectronics.X-CUBE-WB05N.2.0.0
2026-04-27 15:29:50,361 [WARN] PackLoader:240 - Cannot read IP mode file for wolfSSL.I-CUBE-wolfTPM.3.8.0
2026-04-27 15:29:50,370 [WARN] PackLoader:240 - Cannot read IP mode file for STMicroelectronics.X-CUBE-TCPP.4.2.0
2026-04-27 15:29:50,388 [WARN] PackLoader:240 - Cannot read IP mode file for RealThread.X-CUBE-RT-Thread_Nano.4.1.1
2026-04-27 15:29:50,397 [WARN] PackLoader:240 - Cannot read IP mode file for STMicroelectronics.FP-ATR-SIGFOX1.3.2.0
2026-04-27 15:29:50,401 [ERROR] Engine:466 - C:\Users\nevin\.stm32cubemx\thirdparties\pdsc\STMicroelectronics.X-CUBE-FREERTOS.1.5.0.pdsc: PDSC version is not supported
2026-04-27 15:29:50,403 [ERROR] LogOutputStream:75 - [STDERR_REDIRECT] [Fatal Error] :1:1: Premature end of file.
2026-04-27 15:29:50,404 [ERROR] LogOutputStream:75 - [STDERR_REDIRECT] 
2026-04-27 15:29:50,413 [WARN] PackLoader:240 - Cannot read IP mode file for ITTIA_DB.I-CUBE-ITTIADB.8.9.0
2026-04-27 15:29:50,432 [WARN] PackLoader:240 - Cannot read IP mode file for STMicroelectronics.X-CUBE-NFC6.3.2.0
2026-04-27 15:29:50,445 [WARN] PackLoader:240 - Cannot read IP mode file for STMicroelectronics.X-CUBE-AI.10.2.0
2026-04-27 15:29:50,551 [WARN] PackLoader:240 - Cannot read IP mode file for SEGGER.I-CUBE-embOS.1.3.1
2026-04-27 15:29:50,617 [WARN] PackLoader:240 - Cannot read IP mode file for STMicroelectronics.X-CUBE-ALGOBUILD.1.4.0
2026-04-27 15:29:50,626 [WARN] PackLoader:240 - Cannot read IP mode file for STMicroelectronics.X-CUBE-PM33A1.1.0.0
2026-04-27 15:29:50,650 [WARN] PackLoader:240 - Cannot read IP mode file for STMicroelectronics.X-CUBE-AZRTOS-F4.1.1.0
2026-04-27 15:29:50,661 [WARN] PackLoader:240 - Cannot read IP mode file for STMicroelectronics.X-CUBE-ISPU.2.1.0
2026-04-27 15:29:50,667 [ERROR] Engine:466 - C:\Users\nevin\.stm32cubemx\thirdparties\pdsc\STMicroelectronics.X-CUBE-IPS.3.2.0.pdsc: PDSC version is not supported
2026-04-27 15:29:50,673 [WARN] PackLoader:240 - Cannot read IP mode file for STMicroelectronics.eDS-WB_DPC_TT-BIDIR.2.1.1
2026-04-27 15:29:50,681 [WARN] PackLoader:240 - Cannot read IP mode file for STMicroelectronics.X-CUBE-NFC12.1.0.0
2026-04-27 15:29:50,707 [WARN] PackLoader:240 - Cannot read IP mode file for STMicroelectronics.X-CUBE-AZRTOS-L5.2.0.0
2026-04-27 15:29:50,715 [WARN] PackLoader:240 - Cannot read IP mode file for STMicroelectronics.eDS-WB_DPC_VIENNA.1.2.0
2026-04-27 15:29:50,721 [WARN] PackLoader:240 - Cannot read IP mode file for STMicroelectronics.eDS-WB_DPC_3PH2L-BIDIR.1.1.1
2026-04-27 15:29:50,725 [ERROR] Engine:466 - C:\Users\nevin\.stm32cubemx\thirdparties\pdsc\STMicroelectronics.X-CUBE-ST67W61.1.3.0.pdsc: PDSC version is not supported
2026-04-27 15:29:50,733 [WARN] PackLoader:240 - Cannot read IP mode file for STMicroelectronics.X-CUBE-TOUCHGFX.4.26.1
2026-04-27 15:29:50,740 [WARN] PackLoader:240 - Cannot read IP mode file for STMicroelectronics.FP-SNS-STAIOTCFT.1.0.0
2026-04-27 15:29:50,749 [WARN] PackLoader:240 - Cannot read IP mode file for STMicroelectronics.X-CUBE-DPower.1.3.0
2026-04-27 15:29:50,769 [WARN] ConditionMgr:438 - getConditionDescription Invalid condition id : LAN8742 Phy interface Condition cause : null
2026-04-27 15:29:50,770 [WARN] PackLoader:240 - Cannot read IP mode file for STMicroelectronics.X-CUBE-AZRTOS-L4.2.0.0
2026-04-27 15:29:50,771 [WARN] ConditionMgr:1044 - genDependencies : Invalid condition id : LAN8742 Phy interface Condition cause : null
2026-04-27 15:29:50,771 [WARN] ConditionMgr:1044 - genDependencies : Invalid condition id : LAN8742 Phy interface Condition cause : null
2026-04-27 15:29:50,771 [WARN] ConditionMgr:1044 - genDependencies : Invalid condition id : LAN8742 Phy interface Condition cause : null
2026-04-27 15:29:50,779 [WARN] PackLoader:240 - Cannot read IP mode file for STMicroelectronics.X-CUBE-SFXS2LP1.4.0.0
2026-04-27 15:29:50,785 [WARN] PackLoader:240 - Cannot read IP mode file for STMicroelectronics.X-CUBE-WB05N.2.1.0
2026-04-27 15:29:50,790 [ERROR] Engine:466 - C:\Users\nevin\.stm32cubemx\thirdparties\pdsc\STMicroelectronics.X-CUBE-ST67W61.1.2.0.pdsc: PDSC version is not supported
2026-04-27 15:29:50,804 [WARN] PackLoader:240 - Cannot read IP mode file for STMicroelectronics.X-CUBE-BLEMGR.4.1.0
2026-04-27 15:29:50,826 [WARN] ConditionMgr:438 - getConditionDescription Invalid condition id : UX DEVICE CLASS RTOS Condition cause : null
2026-04-27 15:29:50,826 [WARN] ConditionMgr:438 - getConditionDescription Invalid condition id : UX DEVICE CLASS RTOS Condition cause : null
2026-04-27 15:29:50,828 [WARN] PackLoader:240 - Cannot read IP mode file for STMicroelectronics.X-CUBE-AZRTOS-WB.2.0.0
2026-04-27 15:29:50,829 [WARN] ConditionMgr:1044 - genDependencies : Invalid condition id : UX DEVICE CLASS RTOS Condition cause : null
2026-04-27 15:29:50,829 [WARN] ConditionMgr:1044 - genDependencies : Invalid condition id : UX DEVICE CLASS RTOS Condition cause : null
2026-04-27 15:29:50,830 [WARN] ConditionMgr:1044 - genDependencies : Invalid condition id : UX DEVICE CLASS RTOS Condition cause : null
2026-04-27 15:29:50,830 [WARN] ConditionMgr:1044 - genDependencies : Invalid condition id : UX DEVICE CLASS RTOS Condition cause : null
2026-04-27 15:29:50,830 [WARN] ConditionMgr:1044 - genDependencies : Invalid condition id : UX DEVICE CLASS RTOS Condition cause : null
2026-04-27 15:29:50,839 [WARN] ConditionMgr:438 - getConditionDescription Invalid condition id : Cortex-A Device cause : null
2026-04-27 15:29:50,852 [WARN] ConditionMgr:1044 - genDependencies : Invalid condition id : Cortex-A Device cause : null
2026-04-27 15:29:50,853 [WARN] ConditionMgr:1044 - genDependencies : Invalid condition id : Cortex-A Device cause : null
2026-04-27 15:29:50,853 [WARN] ConditionMgr:1044 - genDependencies : Invalid condition id : Cortex-A Device cause : null
2026-04-27 15:29:50,872 [WARN] PackLoader:240 - Cannot read IP mode file for STMicroelectronics.X-CUBE-STSE01.2.0.0
2026-04-27 15:29:50,892 [WARN] PackLoader:240 - Cannot read IP mode file for STMicroelectronics.X-CUBE-SUBG2.5.0.0
2026-04-27 15:29:50,915 [WARN] PackLoader:240 - Cannot read IP mode file for STMicroelectronics.X-CUBE-AZRTOS-G4.2.0.0
2026-04-27 15:29:50,923 [WARN] PackLoader:240 - Cannot read IP mode file for wolfSSL.I-CUBE-wolfSSH.1.4.20
2026-04-27 15:29:50,931 [WARN] PackLoader:240 - Cannot read IP mode file for STMicroelectronics.X-CUBE-NFC7.2.0.0
2026-04-27 15:29:50,939 [WARN] PackLoader:240 - Cannot read IP mode file for STMicroelectronics.X-CUBE-ALS.1.0.2
2026-04-27 15:29:50,960 [WARN] PackLoader:240 - Cannot read IP mode file for STMicroelectronics.X-CUBE-TOF1.3.4.3
2026-04-27 15:29:50,979 [INFO] ThirdParty:978 - Integrity check success = true
2026-04-27 15:29:50,979 [INFO] IntegrityCheckThread:100 - exiting critical section [integrity check]
2026-04-27 15:29:50,979 [INFO] IntegrityCheckThread:103 - End integrity checks thread
2026-04-27 15:29:51,302 [ERROR] LogOutputStream:75 - [STDERR_REDIRECT] [Fatal Error] :1:1: Premature end of file.
2026-04-27 15:29:51,303 [ERROR] LogOutputStream:75 - [STDERR_REDIRECT] 
2026-04-27 15:29:52,298 [ERROR] LogOutputStream:75 - [STDERR_REDIRECT] [Fatal Error] :1:1: Premature end of file.
2026-04-27 15:29:52,299 [ERROR] LogOutputStream:75 - [STDERR_REDIRECT] 
2026-04-27 15:29:53,293 [ERROR] LogOutputStream:75 - [STDERR_REDIRECT] [Fatal Error] :1:1: Premature end of file.
2026-04-27 15:29:53,293 [ERROR] LogOutputStream:75 - [STDERR_REDIRECT] 
2026-04-27 15:29:54,302 [ERROR] LogOutputStream:75 - [STDERR_REDIRECT] [Fatal Error] :1:1: Premature end of file.
2026-04-27 15:29:54,302 [ERROR] LogOutputStream:75 - [STDERR_REDIRECT] 
2026-04-27 15:29:55,294 [ERROR] LogOutputStream:75 - [STDERR_REDIRECT] [Fatal Error] :1:1: Premature end of file.
2026-04-27 15:29:55,294 [ERROR] LogOutputStream:75 - [STDERR_REDIRECT] 
2026-04-27 15:29:56,292 [ERROR] LogOutputStream:75 - [STDERR_REDIRECT] [Fatal Error] :1:1: Premature end of file.
2026-04-27 15:29:56,292 [ERROR] LogOutputStream:75 - [STDERR_REDIRECT] 
2026-04-27 15:29:57,287 [ERROR] LogOutputStream:75 - [STDERR_REDIRECT] [Fatal Error] :1:1: Premature end of file.
2026-04-27 15:29:57,287 [ERROR] LogOutputStream:75 - [STDERR_REDIRECT] 
2026-04-27 15:29:58,338 [ERROR] LogOutputStream:75 - [STDERR_REDIRECT] [Fatal Error] :1:1: Premature end of file.
2026-04-27 15:29:58,339 [ERROR] LogOutputStream:75 - [STDERR_REDIRECT] 
2026-04-27 15:29:59,409 [ERROR] LogOutputStream:75 - [STDERR_REDIRECT] [Fatal Error] :1:1: Premature end of file.
2026-04-27 15:29:59,409 [ERROR] LogOutputStream:75 - [STDERR_REDIRECT] 
2026-04-27 15:30:00,297 [ERROR] LogOutputStream:75 - [STDERR_REDIRECT] [Fatal Error] :1:1: Premature end of file.
2026-04-27 15:30:00,298 [ERROR] LogOutputStream:75 - [STDERR_REDIRECT] 
2026-04-27 15:30:01,303 [ERROR] LogOutputStream:75 - [STDERR_REDIRECT] [Fatal Error] :1:1: Premature end of file.
2026-04-27 15:30:01,304 [ERROR] LogOutputStream:75 - [STDERR_REDIRECT] 
2026-04-27 15:30:02,323 [ERROR] LogOutputStream:75 - [STDERR_REDIRECT] [Fatal Error] :1:1: Premature end of file.
2026-04-27 15:30:02,323 [ERROR] LogOutputStream:75 - [STDERR_REDIRECT] 
2026-04-27 15:30:03,308 [ERROR] LogOutputStream:75 - [STDERR_REDIRECT] [Fatal Error] :1:1: Premature end of file.
2026-04-27 15:30:03,308 [ERROR] LogOutputStream:75 - [STDERR_REDIRECT] 
2026-04-27 15:30:04,322 [ERROR] LogOutputStream:75 - [STDERR_REDIRECT] [Fatal Error] :1:1: Premature end of file.
2026-04-27 15:30:04,323 [ERROR] LogOutputStream:75 - [STDERR_REDIRECT] 
2026-04-27 15:30:05,303 [ERROR] LogOutputStream:75 - [STDERR_REDIRECT] [Fatal Error] :1:1: Premature end of file.
2026-04-27 15:30:05,303 [ERROR] LogOutputStream:75 - [STDERR_REDIRECT] 
2026-04-27 15:30:06,359 [ERROR] LogOutputStream:75 - [STDERR_REDIRECT] [Fatal Error] :1:1: Premature end of file.
2026-04-27 15:30:06,359 [ERROR] LogOutputStream:75 - [STDERR_REDIRECT] 
2026-04-27 15:30:07,322 [ERROR] LogOutputStream:75 - [STDERR_REDIRECT] [Fatal Error] :1:1: Premature end of file.
2026-04-27 15:30:07,323 [ERROR] LogOutputStream:75 - [STDERR_REDIRECT] 
2026-04-27 15:30:08,305 [ERROR] LogOutputStream:75 - [STDERR_REDIRECT] [Fatal Error] :1:1: Premature end of file.
2026-04-27 15:30:08,305 [ERROR] LogOutputStream:75 - [STDERR_REDIRECT] 
2026-04-27 15:30:09,288 [ERROR] LogOutputStream:75 - [STDERR_REDIRECT] [Fatal Error] :1:1: Premature end of file.
2026-04-27 15:30:09,288 [ERROR] LogOutputStream:75 - [STDERR_REDIRECT] 
2026-04-27 15:30:10,290 [ERROR] LogOutputStream:75 - [STDERR_REDIRECT] [Fatal Error] :1:1: Premature end of file.
2026-04-27 15:30:10,290 [ERROR] LogOutputStream:75 - [STDERR_REDIRECT] 
2026-04-27 15:30:11,288 [ERROR] LogOutputStream:75 - [STDERR_REDIRECT] [Fatal Error] :1:1: Premature end of file.
2026-04-27 15:30:11,288 [ERROR] LogOutputStream:75 - [STDERR_REDIRECT] 
2026-04-27 15:30:12,291 [ERROR] LogOutputStream:75 - [STDERR_REDIRECT] [Fatal Error] :1:1: Premature end of file.
2026-04-27 15:30:12,292 [ERROR] LogOutputStream:75 - [STDERR_REDIRECT] 
2026-04-27 15:30:13,290 [ERROR] LogOutputStream:75 - [STDERR_REDIRECT] [Fatal Error] :1:1: Premature end of file.
2026-04-27 15:30:13,290 [ERROR] LogOutputStream:75 - [STDERR_REDIRECT] 
2026-04-27 15:30:14,293 [ERROR] LogOutputStream:75 - [STDERR_REDIRECT] [Fatal Error] :1:1: Premature end of file.
2026-04-27 15:30:14,293 [ERROR] LogOutputStream:75 - [STDERR_REDIRECT] 
2026-04-27 15:30:15,293 [ERROR] LogOutputStream:75 - [STDERR_REDIRECT] [Fatal Error] :1:1: Premature end of file.
2026-04-27 15:30:15,294 [ERROR] LogOutputStream:75 - [STDERR_REDIRECT] 
2026-04-27 15:30:16,286 [ERROR] LogOutputStream:75 - [STDERR_REDIRECT] [Fatal Error] :1:1: Premature end of file.
2026-04-27 15:30:16,287 [ERROR] LogOutputStream:75 - [STDERR_REDIRECT] 
2026-04-27 15:30:17,298 [ERROR] LogOutputStream:75 - [STDERR_REDIRECT] [Fatal Error] :1:1: Premature end of file.
2026-04-27 15:30:17,298 [ERROR] LogOutputStream:75 - [STDERR_REDIRECT] 
2026-04-27 15:30:18,299 [ERROR] LogOutputStream:75 - [STDERR_REDIRECT] [Fatal Error] :1:1: Premature end of file.
2026-04-27 15:30:18,299 [ERROR] LogOutputStream:75 - [STDERR_REDIRECT] 
2026-04-27 15:30:19,323 [ERROR] LogOutputStream:75 - [STDERR_REDIRECT] [Fatal Error] :1:1: Premature end of file.
2026-04-27 15:30:19,323 [ERROR] LogOutputStream:75 - [STDERR_REDIRECT] 
2026-04-27 15:30:20,298 [ERROR] LogOutputStream:75 - [STDERR_REDIRECT] [Fatal Error] :1:1: Premature end of file.
2026-04-27 15:30:20,299 [ERROR] LogOutputStream:75 - [STDERR_REDIRECT] 
2026-04-27 15:30:21,315 [ERROR] LogOutputStream:75 - [STDERR_REDIRECT] [Fatal Error] :1:1: Premature end of file.
2026-04-27 15:30:21,316 [ERROR] LogOutputStream:75 - [STDERR_REDIRECT] 
2026-04-27 15:30:22,294 [ERROR] LogOutputStream:75 - [STDERR_REDIRECT] [Fatal Error] :1:1: Premature end of file.
2026-04-27 15:30:22,294 [ERROR] LogOutputStream:75 - [STDERR_REDIRECT] 
2026-04-27 15:30:23,291 [ERROR] LogOutputStream:75 - [STDERR_REDIRECT] [Fatal Error] :1:1: Premature end of file.
2026-04-27 15:30:23,292 [ERROR] LogOutputStream:75 - [STDERR_REDIRECT] 
2026-04-27 15:30:24,301 [ERROR] LogOutputStream:75 - [STDERR_REDIRECT] [Fatal Error] :1:1: Premature end of file.
2026-04-27 15:30:24,301 [ERROR] LogOutputStream:75 - [STDERR_REDIRECT] 
2026-04-27 15:30:25,286 [ERROR] LogOutputStream:75 - [STDERR_REDIRECT] [Fatal Error] :1:1: Premature end of file.
2026-04-27 15:30:25,286 [ERROR] LogOutputStream:75 - [STDERR_REDIRECT] 
2026-04-27 15:30:26,299 [ERROR] LogOutputStream:75 - [STDERR_REDIRECT] [Fatal Error] :1:1: Premature end of file.
2026-04-27 15:30:26,300 [ERROR] LogOutputStream:75 - [STDERR_REDIRECT] 
2026-04-27 15:30:27,287 [ERROR] LogOutputStream:75 - [STDERR_REDIRECT] [Fatal Error] :1:1: Premature end of file.
2026-04-27 15:30:27,287 [ERROR] LogOutputStream:75 - [STDERR_REDIRECT] 
2026-04-27 15:30:28,307 [ERROR] LogOutputStream:75 - [STDERR_REDIRECT] [Fatal Error] :1:1: Premature end of file.
2026-04-27 15:30:28,307 [ERROR] LogOutputStream:75 - [STDERR_REDIRECT] 
2026-04-27 15:30:29,277 [ERROR] LogOutputStream:75 - [STDERR_REDIRECT] [Fatal Error] :1:1: Premature end of file.
2026-04-27 15:30:29,277 [ERROR] LogOutputStream:75 - [STDERR_REDIRECT] 
2026-04-27 15:30:30,289 [ERROR] LogOutputStream:75 - [STDERR_REDIRECT] [Fatal Error] :1:1: Premature end of file.
2026-04-27 15:30:30,289 [ERROR] LogOutputStream:75 - [STDERR_REDIRECT] 
2026-04-27 15:30:31,303 [ERROR] LogOutputStream:75 - [STDERR_REDIRECT] [Fatal Error] :1:1: Premature end of file.
2026-04-27 15:30:31,303 [ERROR] LogOutputStream:75 - [STDERR_REDIRECT] 
2026-04-27 15:30:32,294 [ERROR] LogOutputStream:75 - [STDERR_REDIRECT] [Fatal Error] :1:1: Premature end of file.
2026-04-27 15:30:32,294 [ERROR] LogOutputStream:75 - [STDERR_REDIRECT] 
2026-04-27 15:30:33,281 [ERROR] LogOutputStream:75 - [STDERR_REDIRECT] [Fatal Error] :1:1: Premature end of file.
2026-04-27 15:30:33,281 [ERROR] LogOutputStream:75 - [STDERR_REDIRECT] 
2026-04-27 15:30:34,295 [ERROR] LogOutputStream:75 - [STDERR_REDIRECT] [Fatal Error] :1:1: Premature end of file.
2026-04-27 15:30:34,295 [ERROR] LogOutputStream:75 - [STDERR_REDIRECT] 
2026-04-27 15:30:35,303 [ERROR] LogOutputStream:75 - [STDERR_REDIRECT] [Fatal Error] :1:1: Premature end of file.
2026-04-27 15:30:35,303 [ERROR] LogOutputStream:75 - [STDERR_REDIRECT] 
2026-04-27 15:30:36,294 [ERROR] LogOutputStream:75 - [STDERR_REDIRECT] [Fatal Error] :1:1: Premature end of file.
2026-04-27 15:30:36,294 [ERROR] LogOutputStream:75 - [STDERR_REDIRECT] 
2026-04-27 15:30:37,299 [ERROR] LogOutputStream:75 - [STDERR_REDIRECT] [Fatal Error] :1:1: Premature end of file.
2026-04-27 15:30:37,299 [ERROR] LogOutputStream:75 - [STDERR_REDIRECT] 
2026-04-27 15:30:38,302 [ERROR] LogOutputStream:75 - [STDERR_REDIRECT] [Fatal Error] :1:1: Premature end of file.
2026-04-27 15:30:38,302 [ERROR] LogOutputStream:75 - [STDERR_REDIRECT] 
2026-04-27 15:30:39,304 [ERROR] LogOutputStream:75 - [STDERR_REDIRECT] [Fatal Error] :1:1: Premature end of file.
2026-04-27 15:30:39,304 [ERROR] LogOutputStream:75 - [STDERR_REDIRECT] 
2026-04-27 15:30:40,292 [ERROR] LogOutputStream:75 - [STDERR_REDIRECT] [Fatal Error] :1:1: Premature end of file.
2026-04-27 15:30:40,292 [ERROR] LogOutputStream:75 - [STDERR_REDIRECT] 
2026-04-27 15:30:41,291 [ERROR] LogOutputStream:75 - [STDERR_REDIRECT] [Fatal Error] :1:1: Premature end of file.
2026-04-27 15:30:41,291 [ERROR] LogOutputStream:75 - [STDERR_REDIRECT] 
